This file contains any messages produced by compilers while
running configure, to aid debugging if configure makes a mistake.

It was created by pcsc-tools configure 1.6.0, which was
generated by GNU Autoconf 2.69.  Invocation command line was

  $ ./configure 

## --------- ##
## Platform. ##
## --------- ##

hostname = baptiste-OMEN
uname -m = x86_64
uname -r = 4.15.0-188-generic
uname -s = Linux
uname -v = #199-Ubuntu SMP Wed Jun 15 20:42:56 UTC 2022

/usr/bin/uname -p = unknown
/bin/uname -X     = unknown

/bin/arch              = unknown
/usr/bin/arch -k       = unknown
/usr/convex/getsysinfo = unknown
/usr/bin/hostinfo      = unknown
/bin/machine           = unknown
/usr/bin/oslevel       = unknown
/bin/universe          = unknown

PATH: /home/baptiste/.nvm/versions/node/v14.17.1/bin
PATH: /usr/local/sbin
PATH: /usr/local/bin
PATH: /usr/sbin
PATH: /usr/bin
PATH: /sbin
PATH: /bin
PATH: /usr/games
PATH: /usr/local/games
PATH: /snap/bin


## ----------- ##
## Core tests. ##
## ----------- ##

configure:2159: checking for a BSD-compatible install
configure:2227: result: /usr/bin/install -c
configure:2238: checking whether build environment is sane
configure:2293: result: yes
configure:2439: checking for a thread-safe mkdir -p
configure:2478: result: /bin/mkdir -p
configure:2485: checking for gawk
configure:2501: found /usr/bin/gawk
configure:2512: result: gawk
configure:2523: checking whether make sets $(MAKE)
configure:2545: result: yes
configure:2574: checking whether make supports nested variables
configure:2591: result: yes
configure:2748: checking whether make supports nested variables
configure:2765: result: yes
configure:2781: checking build system type
configure:2795: result: x86_64-pc-linux-gnu
configure:2815: checking host system type
configure:2828: result: x86_64-pc-linux-gnu
configure:2898: checking for gcc
configure:2914: found /usr/bin/gcc
configure:2925: result: gcc
configure:3154: checking for C compiler version
configure:3163: gcc --version >&5
gcc (Ubuntu 7.5.0-3ubuntu1~18.04) 7.5.0
Copyright (C) 2017 Free Software Foundation, Inc.
This is free software; see the source for copying conditions.  There is NO
warranty; not even for MERCHANTABILITY or FITNESS FOR A PARTICULAR PURPOSE.

configure:3174: $? = 0
configure:3163: gcc -v >&5
Using built-in specs.
COLLECT_GCC=gcc
COLLECT_LTO_WRAPPER=/usr/lib/gcc/x86_64-linux-gnu/7/lto-wrapper
OFFLOAD_TARGET_NAMES=nvptx-none
OFFLOAD_TARGET_DEFAULT=1
Target: x86_64-linux-gnu
Configured with: ../src/configure -v --with-pkgversion='Ubuntu 7.5.0-3ubuntu1~18.04' --with-bugurl=file:///usr/share/doc/gcc-7/README.Bugs --enable-languages=c,ada,c++,go,brig,d,fortran,objc,obj-c++ --prefix=/usr --with-gcc-major-version-only --program-suffix=-7 --program-prefix=x86_64-linux-gnu- --enable-shared --enable-linker-build-id --libexecdir=/usr/lib --without-included-gettext --enable-threads=posix --libdir=/usr/lib --enable-nls --enable-bootstrap --enable-clocale=gnu --enable-libstdcxx-debug --enable-libstdcxx-time=yes --with-default-libstdcxx-abi=new --enable-gnu-unique-object --disable-vtable-verify --enable-libmpx --enable-plugin --enable-default-pie --with-system-zlib --with-target-system-zlib --enable-objc-gc=auto --enable-multiarch --disable-werror --with-arch-32=i686 --with-abi=m64 --with-multilib-list=m32,m64,mx32 --enable-multilib --with-tune=generic --enable-offload-targets=nvptx-none --without-cuda-driver --enable-checking=release --build=x86_64-linux-gnu --host=x86_64-linux-gnu --target=x86_64-linux-gnu
Thread model: posix
gcc version 7.5.0 (Ubuntu 7.5.0-3ubuntu1~18.04) 
configure:3174: $? = 0
configure:3163: gcc -V >&5
gcc: error: unrecognized command line option '-V'
gcc: fatal error: no input files
compilation terminated.
configure:3174: $? = 1
configure:3163: gcc -qversion >&5
gcc: error: unrecognized command line option '-qversion'; did you mean '--version'?
gcc: fatal error: no input files
compilation terminated.
configure:3174: $? = 1
configure:3194: checking whether the C compiler works
configure:3216: gcc    conftest.c  >&5
configure:3220: $? = 0
configure:3268: result: yes
configure:3271: checking for C compiler default output file name
configure:3273: result: a.out
configure:3279: checking for suffix of executables
configure:3286: gcc -o conftest    conftest.c  >&5
configure:3290: $? = 0
configure:3312: result: 
configure:3334: checking whether we are cross compiling
configure:3342: gcc -o conftest    conftest.c  >&5
configure:3346: $? = 0
configure:3353: ./conftest
configure:3357: $? = 0
configure:3372: result: no
configure:3377: checking for suffix of object files
configure:3399: gcc -c   conftest.c >&5
configure:3403: $? = 0
configure:3424: result: o
configure:3428: checking whether we are using the GNU C compiler
configure:3447: gcc -c   conftest.c >&5
configure:3447: $? = 0
configure:3456: result: yes
configure:3465: checking whether gcc accepts -g
configure:3485: gcc -c -g  conftest.c >&5
configure:3485: $? = 0
configure:3526: result: yes
configure:3543: checking for gcc option to accept ISO C89
configure:3606: gcc  -c -g -O2  conftest.c >&5
configure:3606: $? = 0
configure:3619: result: none needed
configure:3644: checking whether gcc understands -c and -o together
configure:3666: gcc -c conftest.c -o conftest2.o
configure:3669: $? = 0
configure:3666: gcc -c conftest.c -o conftest2.o
configure:3669: $? = 0
configure:3681: result: yes
configure:3701: checking whether make supports the include directive
configure:3716: make -f confmf.GNU && cat confinc.out
this is the am__doit target
configure:3719: $? = 0
configure:3738: result: yes (GNU style)
configure:3763: checking dependency style of gcc
configure:3874: result: gcc3
configure:3956: checking for pkg-config
configure:3974: found /usr/bin/pkg-config
configure:3986: result: /usr/bin/pkg-config
configure:4011: checking pkg-config is at least version 0.9.0
configure:4014: result: yes
configure:4023: $PKG_CONFIG --exists --print-errors "libpcsclite"
configure:4026: $? = 0
configure:4030: checking for libpcsclite
configure:4037: $PKG_CONFIG --exists --print-errors "libpcsclite"
configure:4040: $? = 0
configure:4054: $PKG_CONFIG --exists --print-errors "libpcsclite"
configure:4057: $? = 0
configure:4109: result: yes
configure:4128: checking how to run the C preprocessor
configure:4159: gcc -E  -pthread -I/usr/include/PCSC conftest.c
configure:4159: $? = 0
configure:4173: gcc -E  -pthread -I/usr/include/PCSC conftest.c
conftest.c:11:10: fatal error: ac_nonexistent.h: No such file or directory
 #include <ac_nonexistent.h>
          ^~~~~~~~~~~~~~~~~~
compilation terminated.
configure:4173: $? = 1
configure: failed program was:
| /* confdefs.h */
| #define PACKAGE_NAME "pcsc-tools"
| #define PACKAGE_TARNAME "pcsc-tools"
| #define PACKAGE_VERSION "1.6.0"
| #define PACKAGE_STRING "pcsc-tools 1.6.0"
| #define PACKAGE_BUGREPORT ""
| #define PACKAGE_URL ""
| #define PACKAGE "pcsc-tools"
| #define VERSION "1.6.0"
| /* end confdefs.h.  */
| #include <ac_nonexistent.h>
configure:4198: result: gcc -E
configure:4218: gcc -E  -pthread -I/usr/include/PCSC conftest.c
configure:4218: $? = 0
configure:4232: gcc -E  -pthread -I/usr/include/PCSC conftest.c
conftest.c:11:10: fatal error: ac_nonexistent.h: No such file or directory
 #include <ac_nonexistent.h>
          ^~~~~~~~~~~~~~~~~~
compilation terminated.
configure:4232: $? = 1
configure: failed program was:
| /* confdefs.h */
| #define PACKAGE_NAME "pcsc-tools"
| #define PACKAGE_TARNAME "pcsc-tools"
| #define PACKAGE_VERSION "1.6.0"
| #define PACKAGE_STRING "pcsc-tools 1.6.0"
| #define PACKAGE_BUGREPORT ""
| #define PACKAGE_URL ""
| #define PACKAGE "pcsc-tools"
| #define VERSION "1.6.0"
| /* end confdefs.h.  */
| #include <ac_nonexistent.h>
configure:4261: checking for grep that handles long lines and -e
configure:4319: result: /bin/grep
configure:4324: checking for egrep
configure:4386: result: /bin/grep -E
configure:4391: checking for ANSI C header files
configure:4411: gcc -c -g -O2  -pthread -I/usr/include/PCSC conftest.c >&5
configure:4411: $? = 0
configure:4484: gcc -o conftest -g -O2  -pthread -I/usr/include/PCSC  conftest.c  >&5
configure:4484: $? = 0
configure:4484: ./conftest
configure:4484: $? = 0
configure:4495: result: yes
configure:4508: checking for sys/types.h
configure:4508: gcc -c -g -O2  -pthread -I/usr/include/PCSC conftest.c >&5
configure:4508: $? = 0
configure:4508: result: yes
configure:4508: checking for sys/stat.h
configure:4508: gcc -c -g -O2  -pthread -I/usr/include/PCSC conftest.c >&5
configure:4508: $? = 0
configure:4508: result: yes
configure:4508: checking for stdlib.h
configure:4508: gcc -c -g -O2  -pthread -I/usr/include/PCSC conftest.c >&5
configure:4508: $? = 0
configure:4508: result: yes
configure:4508: checking for string.h
configure:4508: gcc -c -g -O2  -pthread -I/usr/include/PCSC conftest.c >&5
configure:4508: $? = 0
configure:4508: result: yes
configure:4508: checking for memory.h
configure:4508: gcc -c -g -O2  -pthread -I/usr/include/PCSC conftest.c >&5
configure:4508: $? = 0
configure:4508: result: yes
configure:4508: checking for strings.h
configure:4508: gcc -c -g -O2  -pthread -I/usr/include/PCSC conftest.c >&5
configure:4508: $? = 0
configure:4508: result: yes
configure:4508: checking for inttypes.h
configure:4508: gcc -c -g -O2  -pthread -I/usr/include/PCSC conftest.c >&5
configure:4508: $? = 0
configure:4508: result: yes
configure:4508: checking for stdint.h
configure:4508: gcc -c -g -O2  -pthread -I/usr/include/PCSC conftest.c >&5
configure:4508: $? = 0
configure:4508: result: yes
configure:4508: checking for unistd.h
configure:4508: gcc -c -g -O2  -pthread -I/usr/include/PCSC conftest.c >&5
configure:4508: $? = 0
configure:4508: result: yes
configure:4521: checking winscard.h usability
configure:4521: gcc -c -g -O2  -pthread -I/usr/include/PCSC conftest.c >&5
configure:4521: $? = 0
configure:4521: result: yes
configure:4521: checking winscard.h presence
configure:4521: gcc -E  -pthread -I/usr/include/PCSC conftest.c
configure:4521: $? = 0
configure:4521: result: yes
configure:4521: checking for winscard.h
configure:4521: result: yes
configure:4532: checking for SCardEstablishContext
configure:4552: gcc -o conftest -g -O2  -pthread -I/usr/include/PCSC  conftest.c  -lpcsclite -lmysqlclient >&5
configure:4552: $? = 0
configure:4553: result: yes
configure:4566: checking for unistd.h
configure:4566: result: yes
configure:4566: checking time.h usability
configure:4566: gcc -c -g -O2  conftest.c >&5
configure:4566: $? = 0
configure:4566: result: yes
configure:4566: checking time.h presence
configure:4566: gcc -E  conftest.c
configure:4566: $? = 0
configure:4566: result: yes
configure:4566: checking for time.h
configure:4566: result: yes
configure:4566: checking for string.h
configure:4566: result: yes
configure:4566: checking stdio.h usability
configure:4566: gcc -c -g -O2  conftest.c >&5
configure:4566: $? = 0
configure:4566: result: yes
configure:4566: checking stdio.h presence
configure:4566: gcc -E  conftest.c
configure:4566: $? = 0
configure:4566: result: yes
configure:4566: checking for stdio.h
configure:4566: result: yes
configure:4566: checking for stdlib.h
configure:4566: result: yes
configure:4566: checking sys/time.h usability
configure:4566: gcc -c -g -O2  conftest.c >&5
configure:4566: $? = 0
configure:4566: result: yes
configure:4566: checking sys/time.h presence
configure:4566: gcc -E  conftest.c
configure:4566: $? = 0
configure:4566: result: yes
configure:4566: checking for sys/time.h
configure:4566: result: yes
configure:4578: checking whether sys/types.h defines makedev
configure:4594: gcc -o conftest -g -O2   conftest.c  >&5
conftest.c: In function 'main':
conftest.c:31:13: warning: In the GNU C Library, "makedev" is defined
 by <sys/sysmacros.h>. For historical compatibility, it is
 currently defined by <sys/types.h> as well, but we plan to
 remove this soon. To use "makedev", include <sys/sysmacros.h>
 directly. If you did not intend to use a system-defined macro
 "makedev", you should undefine it after including <sys/types.h>.
 return makedev(0, 0);
             ^~~~~~~~~                                                                                                                                                                                                                                                                                                                                                                     
configure:4594: $? = 0
configure:4603: result: yes
configure:4742: checking that generated files are newer than configure
configure:4748: result: done
configure:4771: creating ./config.status

## ---------------------- ##
## Running config.status. ##
## ---------------------- ##

This file was extended by pcsc-tools config.status 1.6.0, which was
generated by GNU Autoconf 2.69.  Invocation command line was

  CONFIG_FILES    = 
  CONFIG_HEADERS  = 
  CONFIG_LINKS    = 
  CONFIG_COMMANDS = 
  $ ./config.status 

on baptiste-OMEN

config.status:875: creating Makefile
config.status:875: creating config.h
config.status:1056: config.h is unchanged
config.status:1104: executing depfiles commands
config.status:1181: cd .       && sed -e '/# am--include-marker/d' Makefile         | make -f - am--depfiles
make: Nothing to be done for 'am--depfiles'.
config.status:1186: $? = 0

## ---------------- ##
## Cache variables. ##
## ---------------- ##

ac_cv_build=x86_64-pc-linux-gnu
ac_cv_c_compiler_gnu=yes
ac_cv_env_CC_set=
ac_cv_env_CC_value=
ac_cv_env_CFLAGS_set=
ac_cv_env_CFLAGS_value=
ac_cv_env_CPPFLAGS_set=
ac_cv_env_CPPFLAGS_value=
ac_cv_env_CPP_set=
ac_cv_env_CPP_value=
ac_cv_env_LDFLAGS_set=
ac_cv_env_LDFLAGS_value=
ac_cv_env_LIBS_set=
ac_cv_env_LIBS_value=
ac_cv_env_PCSC_CFLAGS_set=
ac_cv_env_PCSC_CFLAGS_value=
ac_cv_env_PCSC_LIBS_set=
ac_cv_env_PCSC_LIBS_value=
ac_cv_env_PKG_CONFIG_LIBDIR_set=
ac_cv_env_PKG_CONFIG_LIBDIR_value=
ac_cv_env_PKG_CONFIG_PATH_set=
ac_cv_env_PKG_CONFIG_PATH_value=
ac_cv_env_PKG_CONFIG_set=
ac_cv_env_PKG_CONFIG_value=
ac_cv_env_build_alias_set=
ac_cv_env_build_alias_value=
ac_cv_env_host_alias_set=
ac_cv_env_host_alias_value=
ac_cv_env_target_alias_set=
ac_cv_env_target_alias_value=
ac_cv_header_inttypes_h=yes
ac_cv_header_memory_h=yes
ac_cv_header_stdc=yes
ac_cv_header_stdint_h=yes
ac_cv_header_stdio_h=yes
ac_cv_header_stdlib_h=yes
ac_cv_header_string_h=yes
ac_cv_header_strings_h=yes
ac_cv_header_sys_stat_h=yes
ac_cv_header_sys_time_h=yes
ac_cv_header_sys_types_h=yes
ac_cv_header_sys_types_h_makedev=yes
ac_cv_header_time_h=yes
ac_cv_header_unistd_h=yes
ac_cv_header_winscard_h=yes
ac_cv_host=x86_64-pc-linux-gnu
ac_cv_objext=o
ac_cv_path_EGREP='/bin/grep -E'
ac_cv_path_GREP=/bin/grep
ac_cv_path_ac_pt_PKG_CONFIG=/usr/bin/pkg-config
ac_cv_path_install='/usr/bin/install -c'
ac_cv_path_mkdir=/bin/mkdir
ac_cv_prog_AWK=gawk
ac_cv_prog_CPP='gcc -E'
ac_cv_prog_ac_ct_CC=gcc
ac_cv_prog_cc_c89=
ac_cv_prog_cc_g=yes
ac_cv_prog_make_make_set=yes
am_cv_CC_dependencies_compiler_type=gcc3
am_cv_make_support_nested_variables=yes
am_cv_prog_cc_c_o=yes
pkg_cv_PCSC_CFLAGS='-pthread -I/usr/include/PCSC'
pkg_cv_PCSC_LIBS=-lpcsclite

## ----------------- ##
## Output variables. ##
## ----------------- ##

ACLOCAL='${SHELL} '\''/home/baptiste/Bureau/LA1/GIT/prog-distrib/missing'\'' aclocal-1.16'
AMDEPBACKSLASH='\'
AMDEP_FALSE='#'
AMDEP_TRUE=''
AMTAR='$${TAR-tar}'
AM_BACKSLASH='\'
AM_DEFAULT_V='$(AM_DEFAULT_VERBOSITY)'
AM_DEFAULT_VERBOSITY='0'
AM_V='$(V)'
AUTOCONF='${SHELL} '\''/home/baptiste/Bureau/LA1/GIT/prog-distrib/missing'\'' autoconf'
AUTOHEADER='${SHELL} '\''/home/baptiste/Bureau/LA1/GIT/prog-distrib/missing'\'' autoheader'
AUTOMAKE='${SHELL} '\''/home/baptiste/Bureau/LA1/GIT/prog-distrib/missing'\'' automake-1.16'
AWK='gawk'
CC='gcc'
CCDEPMODE='depmode=gcc3'
CFLAGS='-g -O2'
CPP='gcc -E'
CPPFLAGS=''
CSCOPE='cscope'
CTAGS='ctags'
CYGPATH_W='echo'
DEFS='-DHAVE_CONFIG_H'
DEPDIR='.deps'
ECHO_C=''
ECHO_N='-n'
ECHO_T=''
EGREP='/bin/grep -E'
ETAGS='etags'
EXEEXT=''
GREP='/bin/grep'
INSTALL_DATA='${INSTALL} -m 644'
INSTALL_PROGRAM='${INSTALL}'
INSTALL_SCRIPT='${INSTALL}'
INSTALL_STRIP_PROGRAM='$(install_sh) -c -s'
LDFLAGS=''
LIBOBJS=''
LIBS=''
LTLIBOBJS=''
MAKEINFO='${SHELL} '\''/home/baptiste/Bureau/LA1/GIT/prog-distrib/missing'\'' makeinfo'
MKDIR_P='/bin/mkdir -p'
OBJEXT='o'
PACKAGE='pcsc-tools'
PACKAGE_BUGREPORT=''
PACKAGE_NAME='pcsc-tools'
PACKAGE_STRING='pcsc-tools 1.6.0'
PACKAGE_TARNAME='pcsc-tools'
PACKAGE_URL=''
PACKAGE_VERSION='1.6.0'
PATH_SEPARATOR=':'
PCSC_CFLAGS='-pthread -I/usr/include/PCSC'
PCSC_LIBS='-lpcsclite -lmysqlclient'
PKG_CONFIG='/usr/bin/pkg-config'
PKG_CONFIG_LIBDIR=''
PKG_CONFIG_PATH=''
SET_MAKE=''
SHELL='/bin/bash'
STRIP=''
VERSION='1.6.0'
ac_ct_CC='gcc'
am__EXEEXT_FALSE=''
am__EXEEXT_TRUE='#'
am__fastdepCC_FALSE='#'
am__fastdepCC_TRUE=''
am__include='include'
am__isrc=''
am__leading_dot='.'
am__nodep='_no'
am__quote=''
am__tar='$${TAR-tar} chof - "$$tardir"'
am__untar='$${TAR-tar} xf -'
bindir='${exec_prefix}/bin'
build='x86_64-pc-linux-gnu'
build_alias=''
build_cpu='x86_64'
build_os='linux-gnu'
build_vendor='pc'
datadir='${datarootdir}'
datarootdir='${prefix}/share'
docdir='${datarootdir}/doc/${PACKAGE_TARNAME}'
dvidir='${docdir}'
exec_prefix='${prefix}'
host='x86_64-pc-linux-gnu'
host_alias=''
host_cpu='x86_64'
host_os='linux-gnu'
host_vendor='pc'
htmldir='${docdir}'
includedir='${prefix}/include'
infodir='${datarootdir}/info'
install_sh='${SHELL} /home/baptiste/Bureau/LA1/GIT/prog-distrib/install-sh'
libdir='${exec_prefix}/lib'
libexecdir='${exec_prefix}/libexec'
localedir='${datarootdir}/locale'
localstatedir='${prefix}/var'
mandir='${datarootdir}/man'
mkdir_p='$(MKDIR_P)'
oldincludedir='/usr/include'
pdfdir='${docdir}'
prefix='/usr/local'
program_transform_name='s,x,x,'
psdir='${docdir}'
runstatedir='${localstatedir}/run'
sbindir='${exec_prefix}/sbin'
sharedstatedir='${prefix}/com'
sysconfdir='${prefix}/etc'
target_alias=''

## ----------- ##
## confdefs.h. ##
## ----------- ##

/* confdefs.h */
#define PACKAGE_NAME "pcsc-tools"
#define PACKAGE_TARNAME "pcsc-tools"
#define PACKAGE_VERSION "1.6.0"
#define PACKAGE_STRING "pcsc-tools 1.6.0"
#define PACKAGE_BUGREPORT ""
#define PACKAGE_URL ""
#define PACKAGE "pcsc-tools"
#define VERSION "1.6.0"
#define STDC_HEADERS 1
#define HAVE_SYS_TYPES_H 1
#define HAVE_SYS_STAT_H 1
#define HAVE_STDLIB_H 1
#define HAVE_STRING_H 1
#define HAVE_MEMORY_H 1
#define HAVE_STRINGS_H 1
#define HAVE_INTTYPES_H 1
#define HAVE_STDINT_H 1
#define HAVE_UNISTD_H 1
#define HAVE_UNISTD_H 1
#define HAVE_TIME_H 1
#define HAVE_STRING_H 1
#define HAVE_STDIO_H 1
#define HAVE_STDLIB_H 1
#define HAVE_SYS_TIME_H 1

configure: exit 0
